<?xml version="1.0" encoding="UTF-8"?>
<testng-results skipped="0" failed="0" total="1" passed="1">
  <reporter-output>
  </reporter-output>
  <suite name="TestDemp1" duration-ms="31676" started-at="2020-05-12T19:58:13Z" finished-at="2020-05-12T19:58:44Z">
    <groups>
    </groups>
    <test name="Test Demo" duration-ms="31676" started-at="2020-05-12T19:58:13Z" finished-at="2020-05-12T19:58:44Z">
      <class name="com.testDemo.testCases.TC_LoginDDT_002">
        <test-method status="PASS" signature="setup(java.lang.String)[pri:0, instance:com.testDemo.testCases.TC_LoginDDT_002@2d554825]" name="setup" is-config="true" duration-ms="17700" started-at="2020-05-13T01:28:13Z" finished-at="2020-05-13T01:28:30Z">
          <params>
            <param index="0">
              <value>
                <![CDATA[chrome]]>
              </value>
            </param>
          </params>
          <reporter-output>
          </reporter-output>
        </test-method> <!-- setup -->
        <test-method status="PASS" signature="loginDDT(java.lang.String, java.lang.String)[pri:0, instance:com.testDemo.testCases.TC_LoginDDT_002@2d554825]" name="loginDDT" duration-ms="11974" started-at="2020-05-13T01:28:31Z" data-provider="LoginData" finished-at="2020-05-13T01:28:43Z">
          <params>
            <param index="0">
              <value>
                <![CDATA[test1]]>
              </value>
            </param>
            <param index="1">
              <value>
                <![CDATA[test]]>
              </value>
            </param>
          </params>
          <reporter-output>
          </reporter-output>
        </test-method> <!-- loginDDT -->
        <test-method status="PASS" signature="tearDown()[pri:0, instance:com.testDemo.testCases.TC_LoginDDT_002@2d554825]" name="tearDown" is-config="true" duration-ms="999" started-at="2020-05-13T01:28:43Z" finished-at="2020-05-13T01:28:44Z">
          <reporter-output>
          </reporter-output>
        </test-method> <!-- tearDown -->
      </class> <!-- com.testDemo.testCases.TC_LoginDDT_002 -->
    </test> <!-- Test Demo -->
  </suite> <!-- TestDemp1 -->
</testng-results>
